<?xml version="1.0" encoding="UTF-8"?>
<!-- Generated by org.testng.reporters.JUnitXMLReporter -->
<testsuite hostname="sushi-ubuntu12" name="Test" tests="13" failures="3" timestamp="14 Jul 2016 14:33:25 GMT" time="25.539" errors="0">
  <testcase name="loginBad1" time="1.415" classname="com.griggi.app.MainTest"/>
  <testcase name="loginBad2" time="0.925" classname="com.griggi.app.MainTest"/>
  <testcase name="loginBad3" time="1.052" classname="com.griggi.app.MainTest"/>
  <testcase name="loginGood2" time="2.121" classname="com.griggi.app.MainTest">
    <failure type="org.junit.ComparisonFailure" message="expected:&amp;lt;[The password you entered is not valid.]&amp;gt; but was:&amp;lt;[]&amp;gt;">
      <![CDATA[org.junit.ComparisonFailure: expected:<[The password you entered is not valid.]> but was:<[]>
	at org.junit.Assert.assertEquals(Assert.java:115)
	at org.junit.Assert.assertEquals(Assert.java:144)
	at com.griggi.app.MainTest.loginGood2(MainTest.java:124)
... Removed 24 stack frames]]>
    </failure>
  </testcase> <!-- loginGood2 -->
  <testcase name="loginGood1" time="2.069" classname="com.griggi.app.MainTest"/>
  <testcase name="dashboardUICheck1" time="0.06" classname="com.griggi.app.MainTest"/>
  <testcase name="dashboardUICheck2" time="0.018" classname="com.griggi.app.MainTest"/>
  <testcase name="dashboardUICheck3" time="0.024" classname="com.griggi.app.MainTest"/>
  <testcase name="verifyLatestNodeURL" time="0.172" classname="com.griggi.app.MainTest"/>
  <testcase name="listOfNodes" time="0.516" classname="com.griggi.app.MainTest"/>
  <testcase name="nodeAdminDropdownArrow" time="0.028" classname="com.griggi.app.MainTest">
    <failure type="java.lang.AssertionError">
      <![CDATA[java.lang.AssertionError
	at org.junit.Assert.fail(Assert.java:86)
	at org.junit.Assert.assertTrue(Assert.java:41)
	at org.junit.Assert.assertFalse(Assert.java:64)
	at org.junit.Assert.assertFalse(Assert.java:74)
	at com.griggi.app.MainTest.nodeAdminDropdownArrow(MainTest.java:213)
... Removed 24 stack frames]]>
    </failure>
  </testcase> <!-- nodeAdminDropdownArrow -->
  <testcase name="routerSpeed" time="6.984" classname="com.griggi.app.MainTest"/>
  <testcase name="routerFUPLimit" time="4.65" classname="com.griggi.app.MainTest">
    <failure type="java.lang.AssertionError" message="expected:&amp;lt;0.31&amp;gt; but was:&amp;lt;0.17&amp;gt;">
      <![CDATA[java.lang.AssertionError: expected:<0.31> but was:<0.17>
	at org.junit.Assert.fail(Assert.java:88)
	at org.junit.Assert.failNotEquals(Assert.java:834)
	at org.junit.Assert.assertEquals(Assert.java:553)
	at org.junit.Assert.assertEquals(Assert.java:683)
	at com.griggi.app.MainTest.routerFUPLimit(MainTest.java:429)
... Removed 24 stack frames]]>
    </failure>
  </testcase> <!-- routerFUPLimit -->
</testsuite> <!-- Test -->
